The system is: Windows - 10.0.19044 - AMD64
Compiling the C compiler identification source file "CMakeCCompilerId.c" succeeded.
Compiler: D:/Microsoft Visual Studio/2022/Community/VC/Tools/MSVC/14.32.31326/bin/Hostx86/x64/cl.exe 
Build flags: 
Id flags:  

The output was:
0
用于 x64 的 Microsoft (R) C/C++ 优化编译器 19.32.31332 版
版权所有(C) Microsoft Corporation。保留所有权利。

CMakeCCompilerId.c
Microsoft (R) Incremental Linker Version 14.32.31332.0
Copyright (C) Microsoft Corporation.  All rights reserved.

/out:CMakeCCompilerId.exe 
CMakeCCompilerId.obj 


Compilation of the C compiler identification source "CMakeCCompilerId.c" produced "CMakeCCompilerId.exe"

Compilation of the C compiler identification source "CMakeCCompilerId.c" produced "CMakeCCompilerId.obj"

The C compiler identification is MSVC, found in "E:/CLionProjects/megumin/cmake-build-release/CMakeFiles/3.20.2/CompilerIdC/CMakeCCompilerId.exe"

Compiling the CXX compiler identification source file "CMakeCXXCompilerId.cpp" succeeded.
Compiler: D:/Microsoft Visual Studio/2022/Community/VC/Tools/MSVC/14.32.31326/bin/Hostx86/x64/cl.exe 
Build flags: 
Id flags:  

The output was:
0
用于 x64 的 Microsoft (R) C/C++ 优化编译器 19.32.31332 版
版权所有(C) Microsoft Corporation。保留所有权利。

CMakeCXXCompilerId.cpp
Microsoft (R) Incremental Linker Version 14.32.31332.0
Copyright (C) Microsoft Corporation.  All rights reserved.

/out:CMakeCXXCompilerId.exe 
CMakeCXXCompilerId.obj 


Compilation of the CXX compiler identification source "CMakeCXXCompilerId.cpp" produced "CMakeCXXCompilerId.exe"

Compilation of the CXX compiler identification source "CMakeCXXCompilerId.cpp" produced "CMakeCXXCompilerId.obj"

The CXX compiler identification is MSVC, found in "E:/CLionProjects/megumin/cmake-build-release/CMakeFiles/3.20.2/CompilerIdCXX/CMakeCXXCompilerId.exe"

Determining if the C compiler works passed with the following output:
Change Dir: E:/CLionProjects/megumin/cmake-build-release/CMakeFiles/CMakeTmp

Run Build Command(s):nmake -f Makefile /nologo cmTC_aeca4\fast && 	"D:\Microsoft Visual Studio\2022\Community\VC\Tools\MSVC\14.32.31326\bin\HostX86\x64\nmake.exe"  -f CMakeFiles\cmTC_aeca4.dir\build.make /nologo -L                  CMakeFiles\cmTC_aeca4.dir\build
Building C object CMakeFiles/cmTC_aeca4.dir/testCCompiler.c.obj
	"D:\JetBrains\CLion 2021.2.1\bin\cmake\win\bin\cmake.exe" -E cmake_cl_compile_depends --dep-file=CMakeFiles\cmTC_aeca4.dir\testCCompiler.c.obj.d --working-dir=E:\CLionProjects\megumin\cmake-build-release\CMakeFiles\CMakeTmp --filter-prefix="" -- "D:\Microsoft Visual Studio\2022\Community\VC\Tools\MSVC\14.32.31326\bin\Hostx86\x64\cl.exe" @C:\Users\58413\AppData\Local\Temp\nm21FD.tmp
Linking C executable cmTC_aeca4.exe
	"D:\JetBrains\CLion 2021.2.1\bin\cmake\win\bin\cmake.exe" -E vs_link_exe --intdir=CMakeFiles\cmTC_aeca4.dir --rc=C:\PROGRA~2\WI3CF2~1\10\bin\100190~1.0\x86\rc.exe --mt=C:\PROGRA~2\WI3CF2~1\10\bin\100190~1.0\x86\mt.exe --manifests -- "D:\Microsoft Visual Studio\2022\Community\VC\Tools\MSVC\14.32.31326\bin\Hostx86\x64\link.exe" /nologo @CMakeFiles\cmTC_aeca4.dir\objects1.rsp @C:\Users\58413\AppData\Local\Temp\nm225B.tmp



Determining if the CXX compiler works passed with the following output:
Change Dir: E:/CLionProjects/megumin/cmake-build-release/CMakeFiles/CMakeTmp

Run Build Command(s):nmake -f Makefile /nologo cmTC_bff23\fast && 	"D:\Microsoft Visual Studio\2022\Community\VC\Tools\MSVC\14.32.31326\bin\HostX86\x64\nmake.exe"  -f CMakeFiles\cmTC_bff23.dir\build.make /nologo -L                  CMakeFiles\cmTC_bff23.dir\build
Building CXX object CMakeFiles/cmTC_bff23.dir/testCXXCompiler.cxx.obj
	"D:\JetBrains\CLion 2021.2.1\bin\cmake\win\bin\cmake.exe" -E cmake_cl_compile_depends --dep-file=CMakeFiles\cmTC_bff23.dir\testCXXCompiler.cxx.obj.d --working-dir=E:\CLionProjects\megumin\cmake-build-release\CMakeFiles\CMakeTmp --filter-prefix="" -- "D:\Microsoft Visual Studio\2022\Community\VC\Tools\MSVC\14.32.31326\bin\Hostx86\x64\cl.exe" @C:\Users\58413\AppData\Local\Temp\nm25C5.tmp
Linking CXX executable cmTC_bff23.exe
	"D:\JetBrains\CLion 2021.2.1\bin\cmake\win\bin\cmake.exe" -E vs_link_exe --intdir=CMakeFiles\cmTC_bff23.dir --rc=C:\PROGRA~2\WI3CF2~1\10\bin\100190~1.0\x86\rc.exe --mt=C:\PROGRA~2\WI3CF2~1\10\bin\100190~1.0\x86\mt.exe --manifests -- "D:\Microsoft Visual Studio\2022\Community\VC\Tools\MSVC\14.32.31326\bin\Hostx86\x64\link.exe" /nologo @CMakeFiles\cmTC_bff23.dir\objects1.rsp @C:\Users\58413\AppData\Local\Temp\nm2634.tmp



